  [1m[35m (2.3ms)[0m  [1m[34mSELECT sqlite_version(*)[0m
  [1m[35m (1.3ms)[0m  [1m[35mCREATE TABLE "schema_migrations" ("version" varchar NOT NULL PRIMARY KEY)[0m
  [1m[35m (1.0ms)[0m  [1m[35mCREATE TABLE "ar_internal_metadata" ("key" varchar NOT NULL PRIMARY KEY, "value" varchar, "created_at" datetime(6) NOT NULL, "updated_at" datetime(6) NOT NULL)[0m
  [1m[36mActiveRecord::SchemaMigration Pluck (0.1ms)[0m  [1m[34mSELECT "schema_migrations"."version" FROM "schema_migrations" ORDER BY "schema_migrations"."version" ASC[0m
Migrating to CreateAdmins (20220906184601)
  [1m[36mTRANSACTION (0.1ms)[0m  [1m[36mbegin transaction[0m
  [1m[35m (0.6ms)[0m  [1m[35mCREATE TABLE "admins" ("id" integer PRIMARY KEY AUTOINCREMENT NOT NULL, "name" varchar, "username" varchar, "email" varchar, "created_at" datetime(6) NOT NULL, "updated_at" datetime(6) NOT NULL)[0m
  [1m[36mActiveRecord::SchemaMigration Create (0.2ms)[0m  [1m[32mINSERT INTO "schema_migrations" ("version") VALUES (?)[0m  [["version", "20220906184601"]]
  [1m[36mTRANSACTION (1.3ms)[0m  [1m[36mcommit transaction[0m
Migrating to CreateEvents (20220906185958)
  [1m[36mTRANSACTION (0.1ms)[0m  [1m[36mbegin transaction[0m
  [1m[35m (0.4ms)[0m  [1m[35mCREATE TABLE "events" ("id" integer PRIMARY KEY AUTOINCREMENT NOT NULL, "title" varchar, "activity" varchar, "description" text, "location" varchar, "start_date" datetime(6), "end_date" datetime(6), "created_at" datetime(6) NOT NULL, "updated_at" datetime(6) NOT NULL)[0m
  [1m[36mActiveRecord::SchemaMigration Create (0.3ms)[0m  [1m[32mINSERT INTO "schema_migrations" ("version") VALUES (?)[0m  [["version", "20220906185958"]]
  [1m[36mTRANSACTION (1.1ms)[0m  [1m[36mcommit transaction[0m
Migrating to CreateEventLists (20220906190237)
  [1m[36mTRANSACTION (0.1ms)[0m  [1m[36mbegin transaction[0m
  [1m[35m (0.6ms)[0m  [1m[35mCREATE TABLE "event_lists" ("id" integer PRIMARY KEY AUTOINCREMENT NOT NULL, "title" varchar, "type" varchar, "admin_id" integer NOT NULL, "event_id" integer NOT NULL, "created_at" datetime(6) NOT NULL, "updated_at" datetime(6) NOT NULL, CONSTRAINT "fk_rails_66d5198880"
FOREIGN KEY ("admin_id")
  REFERENCES "admins" ("id")
, CONSTRAINT "fk_rails_b87113e4f2"
FOREIGN KEY ("event_id")
  REFERENCES "events" ("id")
)[0m
  [1m[35m (0.1ms)[0m  [1m[35mCREATE INDEX "index_event_lists_on_admin_id" ON "event_lists" ("admin_id")[0m
  [1m[35m (0.1ms)[0m  [1m[35mCREATE INDEX "index_event_lists_on_event_id" ON "event_lists" ("event_id")[0m
  [1m[36mActiveRecord::SchemaMigration Create (0.2ms)[0m  [1m[32mINSERT INTO "schema_migrations" ("version") VALUES (?)[0m  [["version", "20220906190237"]]
  [1m[36mTRANSACTION (1.1ms)[0m  [1m[36mcommit transaction[0m
  [1m[36mActiveRecord::InternalMetadata Load (0.5ms)[0m  [1m[34mSELECT "ar_internal_metadata".* FROM "ar_internal_metadata" WHERE "ar_internal_metadata"."key" = ? LIMIT ?[0m  [["key", "environment"], ["LIMIT", 1]]
  [1m[36mTRANSACTION (0.1ms)[0m  [1m[36mbegin transaction[0m
  [1m[36mActiveRecord::InternalMetadata Create (0.3ms)[0m  [1m[32mINSERT INTO "ar_internal_metadata" ("key", "value", "created_at", "updated_at") VALUES (?, ?, ?, ?)[0m  [["key", "environment"], ["value", "development"], ["created_at", "2022-09-06 19:07:48.016202"], ["updated_at", "2022-09-06 19:07:48.016202"]]
  [1m[36mTRANSACTION (1.0ms)[0m  [1m[36mcommit transaction[0m
  [1m[35m (0.1ms)[0m  [1m[34mSELECT sqlite_version(*)[0m
  [1m[36mActiveRecord::SchemaMigration Pluck (0.2ms)[0m  [1m[34mSELECT "schema_migrations"."version" FROM "schema_migrations" ORDER BY "schema_migrations"."version" ASC[0m
  [1m[35m (3.9ms)[0m  [1m[34mSELECT sqlite_version(*)[0m
  [1m[36mActiveRecord::SchemaMigration Pluck (0.4ms)[0m  [1m[34mSELECT "schema_migrations"."version" FROM "schema_migrations" ORDER BY "schema_migrations"."version" ASC[0m
  [1m[36mActiveRecord::InternalMetadata Pluck (1.6ms)[0m  [1m[34mSELECT "ar_internal_metadata"."value" FROM "ar_internal_metadata" WHERE "ar_internal_metadata"."key" = ? LIMIT ?[0m  [["key", "environment"], ["LIMIT", 1]]
  [1m[36mActiveRecord::SchemaMigration Pluck (0.1ms)[0m  [1m[34mSELECT "schema_migrations"."version" FROM "schema_migrations" ORDER BY "schema_migrations"."version" ASC[0m
  [1m[36mActiveRecord::InternalMetadata Pluck (0.1ms)[0m  [1m[34mSELECT "ar_internal_metadata"."value" FROM "ar_internal_metadata" WHERE "ar_internal_metadata"."key" = ? LIMIT ?[0m  [["key", "environment"], ["LIMIT", 1]]
  [1m[36mActiveRecord::SchemaMigration Pluck (0.0ms)[0m  [1m[34mSELECT "schema_migrations"."version" FROM "schema_migrations" ORDER BY "schema_migrations"."version" ASC[0m
  [1m[36mActiveRecord::InternalMetadata Pluck (0.1ms)[0m  [1m[34mSELECT "ar_internal_metadata"."value" FROM "ar_internal_metadata" WHERE "ar_internal_metadata"."key" = ? LIMIT ?[0m  [["key", "environment"], ["LIMIT", 1]]
  [1m[35m (0.0ms)[0m  [1m[34mSELECT sqlite_version(*)[0m
  [1m[35m (0.1ms)[0m  [1m[34mSELECT sqlite_version(*)[0m
  [1m[35m (0.1ms)[0m  [1m[34mSELECT sqlite_version(*)[0m
  [1m[35m (0.1ms)[0m  [1m[35mDROP TABLE IF EXISTS "admins"[0m
  [1m[35m (1.3ms)[0m  [1m[35mCREATE TABLE "admins" ("id" integer PRIMARY KEY AUTOINCREMENT NOT NULL, "name" varchar, "username" varchar, "email" varchar, "created_at" datetime(6) NOT NULL, "updated_at" datetime(6) NOT NULL)[0m
  [1m[35m (0.1ms)[0m  [1m[35mDROP TABLE IF EXISTS "event_lists"[0m
  [1m[35m (1.3ms)[0m  [1m[35mCREATE TABLE "event_lists" ("id" integer PRIMARY KEY AUTOINCREMENT NOT NULL, "title" varchar, "type" varchar, "admin_id" integer NOT NULL, "event_id" integer NOT NULL, "created_at" datetime(6) NOT NULL, "updated_at" datetime(6) NOT NULL)[0m
  [1m[35m (1.7ms)[0m  [1m[35mCREATE INDEX "index_event_lists_on_admin_id" ON "event_lists" ("admin_id")[0m
  [1m[35m (1.2ms)[0m  [1m[35mCREATE INDEX "index_event_lists_on_event_id" ON "event_lists" ("event_id")[0m
  [1m[35m (0.1ms)[0m  [1m[35mDROP TABLE IF EXISTS "events"[0m
  [1m[35m (1.5ms)[0m  [1m[35mCREATE TABLE "events" ("id" integer PRIMARY KEY AUTOINCREMENT NOT NULL, "title" varchar, "activity" varchar, "description" text, "location" varchar, "start_date" datetime(6), "end_date" datetime(6), "created_at" datetime(6) NOT NULL, "updated_at" datetime(6) NOT NULL)[0m
  [1m[36mTRANSACTION (0.1ms)[0m  [1m[36mbegin transaction[0m
  [1m[35m (0.1ms)[0m  [1m[35mPRAGMA foreign_keys[0m
  [1m[35m (0.0ms)[0m  [1m[35mPRAGMA defer_foreign_keys[0m
  [1m[35m (0.1ms)[0m  [1m[35mPRAGMA defer_foreign_keys = ON[0m
  [1m[35m (0.0ms)[0m  [1m[35mPRAGMA foreign_keys = OFF[0m
  [1m[35m (0.1ms)[0m  [1m[35mCREATE TEMPORARY TABLE "aevent_lists" ("id" integer NOT NULL PRIMARY KEY, "title" varchar DEFAULT NULL, "type" varchar DEFAULT NULL, "admin_id" integer NOT NULL, "event_id" integer NOT NULL, "created_at" datetime(6) NOT NULL, "updated_at" datetime(6) NOT NULL)[0m
  [1m[35m (0.1ms)[0m  [1m[35mCREATE INDEX "tindex_aevent_lists_on_event_id" ON "aevent_lists" ("event_id")[0m
  [1m[35m (0.1ms)[0m  [1m[35mCREATE INDEX "tindex_aevent_lists_on_admin_id" ON "aevent_lists" ("admin_id")[0m
  [1m[35m (0.1ms)[0m  [1m[32mINSERT INTO "aevent_lists" ("id","title","type","admin_id","event_id","created_at","updated_at")
                     SELECT "id","title","type","admin_id","event_id","created_at","updated_at" FROM "event_lists"[0m
  [1m[35m (0.5ms)[0m  [1m[35mDROP TABLE "event_lists"[0m
  [1m[35m (0.2ms)[0m  [1m[35mCREATE TABLE "event_lists" ("id" integer NOT NULL PRIMARY KEY, "title" varchar DEFAULT NULL, "type" varchar DEFAULT NULL, "admin_id" integer NOT NULL, "event_id" integer NOT NULL, "created_at" datetime(6) NOT NULL, "updated_at" datetime(6) NOT NULL, CONSTRAINT "fk_rails_66d5198880"
FOREIGN KEY ("admin_id")
  REFERENCES "admins" ("id")
)[0m
  [1m[35m (0.1ms)[0m  [1m[35mCREATE INDEX "index_event_lists_on_admin_id" ON "event_lists" ("admin_id")[0m
  [1m[35m (0.1ms)[0m  [1m[35mCREATE INDEX "index_event_lists_on_event_id" ON "event_lists" ("event_id")[0m
  [1m[35m (0.1ms)[0m  [1m[32mINSERT INTO "event_lists" ("id","title","type","admin_id","event_id","created_at","updated_at")
                     SELECT "id","title","type","admin_id","event_id","created_at","updated_at" FROM "aevent_lists"[0m
  [1m[35m (0.2ms)[0m  [1m[35mDROP TABLE "aevent_lists"[0m
  [1m[35m (0.1ms)[0m  [1m[35mPRAGMA defer_foreign_keys = 0[0m
  [1m[35m (0.1ms)[0m  [1m[35mPRAGMA foreign_keys = 1[0m
  [1m[36mTRANSACTION (1.2ms)[0m  [1m[36mcommit transaction[0m
  [1m[36mTRANSACTION (0.0ms)[0m  [1m[36mbegin transaction[0m
  [1m[35m (0.1ms)[0m  [1m[35mPRAGMA foreign_keys[0m
  [1m[35m (0.2ms)[0m  [1m[35mPRAGMA defer_foreign_keys[0m
  [1m[35m (0.1ms)[0m  [1m[35mPRAGMA defer_foreign_keys = ON[0m
  [1m[35m (0.0ms)[0m  [1m[35mPRAGMA foreign_keys = OFF[0m
  [1m[35m (0.1ms)[0m  [1m[35mCREATE TEMPORARY TABLE "aevent_lists" ("id" integer NOT NULL PRIMARY KEY, "title" varchar DEFAULT NULL, "type" varchar DEFAULT NULL, "admin_id" integer NOT NULL, "event_id" integer NOT NULL, "created_at" datetime(6) NOT NULL, "updated_at" datetime(6) NOT NULL)[0m
  [1m[35m (0.2ms)[0m  [1m[35mCREATE INDEX "tindex_aevent_lists_on_event_id" ON "aevent_lists" ("event_id")[0m
  [1m[35m (0.1ms)[0m  [1m[35mCREATE INDEX "tindex_aevent_lists_on_admin_id" ON "aevent_lists" ("admin_id")[0m
  [1m[35m (0.0ms)[0m  [1m[32mINSERT INTO "aevent_lists" ("id","title","type","admin_id","event_id","created_at","updated_at")
                     SELECT "id","title","type","admin_id","event_id","created_at","updated_at" FROM "event_lists"[0m
  [1m[35m (0.4ms)[0m  [1m[35mDROP TABLE "event_lists"[0m
  [1m[35m (0.1ms)[0m  [1m[35mCREATE TABLE "event_lists" ("id" integer NOT NULL PRIMARY KEY, "title" varchar DEFAULT NULL, "type" varchar DEFAULT NULL, "admin_id" integer NOT NULL, "event_id" integer NOT NULL, "created_at" datetime(6) NOT NULL, "updated_at" datetime(6) NOT NULL, CONSTRAINT "fk_rails_66d5198880"
FOREIGN KEY ("admin_id")
  REFERENCES "admins" ("id")
, CONSTRAINT "fk_rails_b87113e4f2"
FOREIGN KEY ("event_id")
  REFERENCES "events" ("id")
)[0m
  [1m[35m (0.1ms)[0m  [1m[35mCREATE INDEX "index_event_lists_on_admin_id" ON "event_lists" ("admin_id")[0m
  [1m[35m (0.1ms)[0m  [1m[35mCREATE INDEX "index_event_lists_on_event_id" ON "event_lists" ("event_id")[0m
  [1m[35m (0.1ms)[0m  [1m[32mINSERT INTO "event_lists" ("id","title","type","admin_id","event_id","created_at","updated_at")
                     SELECT "id","title","type","admin_id","event_id","created_at","updated_at" FROM "aevent_lists"[0m
  [1m[35m (0.1ms)[0m  [1m[35mDROP TABLE "aevent_lists"[0m
  [1m[35m (0.0ms)[0m  [1m[35mPRAGMA defer_foreign_keys = 0[0m
  [1m[35m (0.0ms)[0m  [1m[35mPRAGMA foreign_keys = 1[0m
  [1m[36mTRANSACTION (2.1ms)[0m  [1m[36mcommit transaction[0m
  [1m[35m (1.1ms)[0m  [1m[35mCREATE TABLE "schema_migrations" ("version" varchar NOT NULL PRIMARY KEY)[0m
  [1m[36mActiveRecord::SchemaMigration Pluck (0.1ms)[0m  [1m[34mSELECT "schema_migrations"."version" FROM "schema_migrations" ORDER BY "schema_migrations"."version" ASC[0m
  [1m[35m (0.9ms)[0m  [1m[32mINSERT INTO "schema_migrations" (version) VALUES (20220906190237)[0m
  [1m[35m (1.0ms)[0m  [1m[32mINSERT INTO "schema_migrations" (version) VALUES
(20220906184601);

[0m
  [1m[35m (1.2ms)[0m  [1m[35mCREATE TABLE "ar_internal_metadata" ("key" varchar NOT NULL PRIMARY KEY, "value" varchar, "created_at" datetime(6) NOT NULL, "updated_at" datetime(6) NOT NULL)[0m
  [1m[36mActiveRecord::InternalMetadata Load (0.2ms)[0m  [1m[34mSELECT "ar_internal_metadata".* FROM "ar_internal_metadata" WHERE "ar_internal_metadata"."key" = ? LIMIT ?[0m  [["key", "environment"], ["LIMIT", 1]]
  [1m[36mTRANSACTION (0.1ms)[0m  [1m[36mbegin transaction[0m
  [1m[36mActiveRecord::InternalMetadata Create (0.4ms)[0m  [1m[32mINSERT INTO "ar_internal_metadata" ("key", "value", "created_at", "updated_at") VALUES (?, ?, ?, ?)[0m  [["key", "environment"], ["value", "development"], ["created_at", "2022-09-06 19:17:04.972544"], ["updated_at", "2022-09-06 19:17:04.972544"]]
  [1m[36mTRANSACTION (0.8ms)[0m  [1m[36mcommit transaction[0m
  [1m[36mActiveRecord::InternalMetadata Load (0.1ms)[0m  [1m[34mSELECT "ar_internal_metadata".* FROM "ar_internal_metadata" WHERE "ar_internal_metadata"."key" = ? LIMIT ?[0m  [["key", "environment"], ["LIMIT", 1]]
  [1m[36mActiveRecord::InternalMetadata Load (0.1ms)[0m  [1m[34mSELECT "ar_internal_metadata".* FROM "ar_internal_metadata" WHERE "ar_internal_metadata"."key" = ? LIMIT ?[0m  [["key", "schema_sha1"], ["LIMIT", 1]]
  [1m[36mTRANSACTION (0.1ms)[0m  [1m[36mbegin transaction[0m
  [1m[36mActiveRecord::InternalMetadata Create (0.4ms)[0m  [1m[32mINSERT INTO "ar_internal_metadata" ("key", "value", "created_at", "updated_at") VALUES (?, ?, ?, ?)[0m  [["key", "schema_sha1"], ["value", "ee06c223190af3b71153e585d251ae53a643d7bd"], ["created_at", "2022-09-06 19:17:04.981074"], ["updated_at", "2022-09-06 19:17:04.981074"]]
  [1m[36mTRANSACTION (0.9ms)[0m  [1m[36mcommit transaction[0m
  [1m[35m (0.1ms)[0m  [1m[34mSELECT sqlite_version(*)[0m
  [1m[35m (0.1ms)[0m  [1m[35mDROP TABLE IF EXISTS "admins"[0m
  [1m[35m (1.4ms)[0m  [1m[35mCREATE TABLE "admins" ("id" integer PRIMARY KEY AUTOINCREMENT NOT NULL, "name" varchar, "username" varchar, "email" varchar, "created_at" datetime(6) NOT NULL, "updated_at" datetime(6) NOT NULL)[0m
  [1m[35m (0.1ms)[0m  [1m[35mDROP TABLE IF EXISTS "event_lists"[0m
  [1m[35m (1.3ms)[0m  [1m[35mCREATE TABLE "event_lists" ("id" integer PRIMARY KEY AUTOINCREMENT NOT NULL, "title" varchar, "type" varchar, "admin_id" integer NOT NULL, "event_id" integer NOT NULL, "created_at" datetime(6) NOT NULL, "updated_at" datetime(6) NOT NULL)[0m
  [1m[35m (1.3ms)[0m  [1m[35mCREATE INDEX "index_event_lists_on_admin_id" ON "event_lists" ("admin_id")[0m
  [1m[35m (1.1ms)[0m  [1m[35mCREATE INDEX "index_event_lists_on_event_id" ON "event_lists" ("event_id")[0m
  [1m[35m (0.1ms)[0m  [1m[35mDROP TABLE IF EXISTS "events"[0m
  [1m[35m (1.2ms)[0m  [1m[35mCREATE TABLE "events" ("id" integer PRIMARY KEY AUTOINCREMENT NOT NULL, "title" varchar, "activity" varchar, "description" text, "location" varchar, "start_date" datetime(6), "end_date" datetime(6), "created_at" datetime(6) NOT NULL, "updated_at" datetime(6) NOT NULL)[0m
  [1m[36mTRANSACTION (0.0ms)[0m  [1m[36mbegin transaction[0m
  [1m[35m (0.1ms)[0m  [1m[35mPRAGMA foreign_keys[0m
  [1m[35m (0.0ms)[0m  [1m[35mPRAGMA defer_foreign_keys[0m
  [1m[35m (0.1ms)[0m  [1m[35mPRAGMA defer_foreign_keys = ON[0m
  [1m[35m (0.0ms)[0m  [1m[35mPRAGMA foreign_keys = OFF[0m
  [1m[35m (0.2ms)[0m  [1m[35mCREATE TEMPORARY TABLE "aevent_lists" ("id" integer NOT NULL PRIMARY KEY, "title" varchar DEFAULT NULL, "type" varchar DEFAULT NULL, "admin_id" integer NOT NULL, "event_id" integer NOT NULL, "created_at" datetime(6) NOT NULL, "updated_at" datetime(6) NOT NULL)[0m
  [1m[35m (0.2ms)[0m  [1m[35mCREATE INDEX "tindex_aevent_lists_on_event_id" ON "aevent_lists" ("event_id")[0m
  [1m[35m (0.1ms)[0m  [1m[35mCREATE INDEX "tindex_aevent_lists_on_admin_id" ON "aevent_lists" ("admin_id")[0m
  [1m[35m (0.1ms)[0m  [1m[32mINSERT INTO "aevent_lists" ("id","title","type","admin_id","event_id","created_at","updated_at")
                     SELECT "id","title","type","admin_id","event_id","created_at","updated_at" FROM "event_lists"[0m
  [1m[35m (0.5ms)[0m  [1m[35mDROP TABLE "event_lists"[0m
  [1m[35m (0.2ms)[0m  [1m[35mCREATE TABLE "event_lists" ("id" integer NOT NULL PRIMARY KEY, "title" varchar DEFAULT NULL, "type" varchar DEFAULT NULL, "admin_id" integer NOT NULL, "event_id" integer NOT NULL, "created_at" datetime(6) NOT NULL, "updated_at" datetime(6) NOT NULL, CONSTRAINT "fk_rails_66d5198880"
FOREIGN KEY ("admin_id")
  REFERENCES "admins" ("id")
)[0m
  [1m[35m (0.1ms)[0m  [1m[35mCREATE INDEX "index_event_lists_on_admin_id" ON "event_lists" ("admin_id")[0m
  [1m[35m (0.2ms)[0m  [1m[35mCREATE INDEX "index_event_lists_on_event_id" ON "event_lists" ("event_id")[0m
  [1m[35m (0.1ms)[0m  [1m[32mINSERT INTO "event_lists" ("id","title","type","admin_id","event_id","created_at","updated_at")
                     SELECT "id","title","type","admin_id","event_id","created_at","updated_at" FROM "aevent_lists"[0m
  [1m[35m (0.2ms)[0m  [1m[35mDROP TABLE "aevent_lists"[0m
  [1m[35m (0.0ms)[0m  [1m[35mPRAGMA defer_foreign_keys = 0[0m
  [1m[35m (0.0ms)[0m  [1m[35mPRAGMA foreign_keys = 1[0m
  [1m[36mTRANSACTION (5.1ms)[0m  [1m[36mcommit transaction[0m
  [1m[36mTRANSACTION (0.0ms)[0m  [1m[36mbegin transaction[0m
  [1m[35m (0.0ms)[0m  [1m[35mPRAGMA foreign_keys[0m
  [1m[35m (0.1ms)[0m  [1m[35mPRAGMA defer_foreign_keys[0m
  [1m[35m (0.0ms)[0m  [1m[35mPRAGMA defer_foreign_keys = ON[0m
  [1m[35m (0.0ms)[0m  [1m[35mPRAGMA foreign_keys = OFF[0m
  [1m[35m (0.1ms)[0m  [1m[35mCREATE TEMPORARY TABLE "aevent_lists" ("id" integer NOT NULL PRIMARY KEY, "title" varchar DEFAULT NULL, "type" varchar DEFAULT NULL, "admin_id" integer NOT NULL, "event_id" integer NOT NULL, "created_at" datetime(6) NOT NULL, "updated_at" datetime(6) NOT NULL)[0m
  [1m[35m (0.1ms)[0m  [1m[35mCREATE INDEX "tindex_aevent_lists_on_event_id" ON "aevent_lists" ("event_id")[0m
  [1m[35m (0.2ms)[0m  [1m[35mCREATE INDEX "tindex_aevent_lists_on_admin_id" ON "aevent_lists" ("admin_id")[0m
  [1m[35m (0.1ms)[0m  [1m[32mINSERT INTO "aevent_lists" ("id","title","type","admin_id","event_id","created_at","updated_at")
                     SELECT "id","title","type","admin_id","event_id","created_at","updated_at" FROM "event_lists"[0m
  [1m[35m (0.5ms)[0m  [1m[35mDROP TABLE "event_lists"[0m
  [1m[35m (0.2ms)[0m  [1m[35mCREATE TABLE "event_lists" ("id" integer NOT NULL PRIMARY KEY, "title" varchar DEFAULT NULL, "type" varchar DEFAULT NULL, "admin_id" integer NOT NULL, "event_id" integer NOT NULL, "created_at" datetime(6) NOT NULL, "updated_at" datetime(6) NOT NULL, CONSTRAINT "fk_rails_66d5198880"
FOREIGN KEY ("admin_id")
  REFERENCES "admins" ("id")
, CONSTRAINT "fk_rails_b87113e4f2"
FOREIGN KEY ("event_id")
  REFERENCES "events" ("id")
)[0m
  [1m[35m (0.1ms)[0m  [1m[35mCREATE INDEX "index_event_lists_on_admin_id" ON "event_lists" ("admin_id")[0m
  [1m[35m (0.1ms)[0m  [1m[35mCREATE INDEX "index_event_lists_on_event_id" ON "event_lists" ("event_id")[0m
  [1m[35m (0.1ms)[0m  [1m[32mINSERT INTO "event_lists" ("id","title","type","admin_id","event_id","created_at","updated_at")
                     SELECT "id","title","type","admin_id","event_id","created_at","updated_at" FROM "aevent_lists"[0m
  [1m[35m (0.1ms)[0m  [1m[35mDROP TABLE "aevent_lists"[0m
  [1m[35m (0.1ms)[0m  [1m[35mPRAGMA defer_foreign_keys = 0[0m
  [1m[35m (0.0ms)[0m  [1m[35mPRAGMA foreign_keys = 1[0m
  [1m[36mTRANSACTION (0.8ms)[0m  [1m[36mcommit transaction[0m
  [1m[35m (1.4ms)[0m  [1m[35mCREATE TABLE "schema_migrations" ("version" varchar NOT NULL PRIMARY KEY)[0m
  [1m[36mActiveRecord::SchemaMigration Pluck (0.1ms)[0m  [1m[34mSELECT "schema_migrations"."version" FROM "schema_migrations" ORDER BY "schema_migrations"."version" ASC[0m
  [1m[35m (0.8ms)[0m  [1m[32mINSERT INTO "schema_migrations" (version) VALUES (20220906190237)[0m
  [1m[35m (0.8ms)[0m  [1m[32mINSERT INTO "schema_migrations" (version) VALUES
(20220906184601);

[0m
  [1m[35m (1.4ms)[0m  [1m[35mCREATE TABLE "ar_internal_metadata" ("key" varchar NOT NULL PRIMARY KEY, "value" varchar, "created_at" datetime(6) NOT NULL, "updated_at" datetime(6) NOT NULL)[0m
  [1m[36mActiveRecord::InternalMetadata Load (0.2ms)[0m  [1m[34mSELECT "ar_internal_metadata".* FROM "ar_internal_metadata" WHERE "ar_internal_metadata"."key" = ? LIMIT ?[0m  [["key", "environment"], ["LIMIT", 1]]
  [1m[36mTRANSACTION (0.0ms)[0m  [1m[36mbegin transaction[0m
  [1m[36mActiveRecord::InternalMetadata Create (0.3ms)[0m  [1m[32mINSERT INTO "ar_internal_metadata" ("key", "value", "created_at", "updated_at") VALUES (?, ?, ?, ?)[0m  [["key", "environment"], ["value", "development"], ["created_at", "2022-09-06 19:17:05.051223"], ["updated_at", "2022-09-06 19:17:05.051223"]]
  [1m[36mTRANSACTION (0.7ms)[0m  [1m[36mcommit transaction[0m
  [1m[36mActiveRecord::InternalMetadata Load (0.1ms)[0m  [1m[34mSELECT "ar_internal_metadata".* FROM "ar_internal_metadata" WHERE "ar_internal_metadata"."key" = ? LIMIT ?[0m  [["key", "environment"], ["LIMIT", 1]]
  [1m[36mTRANSACTION (0.1ms)[0m  [1m[36mbegin transaction[0m
  [1m[36mActiveRecord::InternalMetadata Update (0.4ms)[0m  [1m[33mUPDATE "ar_internal_metadata" SET "value" = ?, "updated_at" = ? WHERE "ar_internal_metadata"."key" = ?[0m  [["value", "test"], ["updated_at", "2022-09-06 19:17:05.055898"], ["key", "environment"]]
  [1m[36mTRANSACTION (0.8ms)[0m  [1m[36mcommit transaction[0m
  [1m[36mActiveRecord::InternalMetadata Load (0.1ms)[0m  [1m[34mSELECT "ar_internal_metadata".* FROM "ar_internal_metadata" WHERE "ar_internal_metadata"."key" = ? LIMIT ?[0m  [["key", "schema_sha1"], ["LIMIT", 1]]
  [1m[36mTRANSACTION (0.0ms)[0m  [1m[36mbegin transaction[0m
  [1m[36mActiveRecord::InternalMetadata Create (0.3ms)[0m  [1m[32mINSERT INTO "ar_internal_metadata" ("key", "value", "created_at", "updated_at") VALUES (?, ?, ?, ?)[0m  [["key", "schema_sha1"], ["value", "ee06c223190af3b71153e585d251ae53a643d7bd"], ["created_at", "2022-09-06 19:17:05.060954"], ["updated_at", "2022-09-06 19:17:05.060954"]]
  [1m[36mTRANSACTION (0.7ms)[0m  [1m[36mcommit transaction[0m
  [1m[35m (0.0ms)[0m  [1m[34mSELECT sqlite_version(*)[0m
  [1m[36mActiveRecord::SchemaMigration Pluck (0.1ms)[0m  [1m[34mSELECT "schema_migrations"."version" FROM "schema_migrations" ORDER BY "schema_migrations"."version" ASC[0m
  [1m[35m (0.7ms)[0m  [1m[34mSELECT sqlite_version(*)[0m
  [1m[36mActiveRecord::SchemaMigration Pluck (0.1ms)[0m  [1m[34mSELECT "schema_migrations"."version" FROM "schema_migrations" ORDER BY "schema_migrations"."version" ASC[0m
Migrating to CreateEvents (20220906191654)
  [1m[36mTRANSACTION (0.1ms)[0m  [1m[36mbegin transaction[0m
  [1m[35m (0.3ms)[0m  [1m[35mCREATE TABLE "events" ("id" integer PRIMARY KEY AUTOINCREMENT NOT NULL, "title" varchar, "activity" varchar, "description" text, "location" varchar, "starts" datetime(6), "ends" datetime(6), "created_at" datetime(6) NOT NULL, "updated_at" datetime(6) NOT NULL)[0m
  [1m[36mTRANSACTION (0.0ms)[0m  [1m[31mrollback transaction[0m
  [1m[35m (1.3ms)[0m  [1m[34mSELECT sqlite_version(*)[0m
  [1m[35m (1.0ms)[0m  [1m[35mCREATE TABLE "schema_migrations" ("version" varchar NOT NULL PRIMARY KEY)[0m
  [1m[35m (1.5ms)[0m  [1m[35mCREATE TABLE "ar_internal_metadata" ("key" varchar NOT NULL PRIMARY KEY, "value" varchar, "created_at" datetime(6) NOT NULL, "updated_at" datetime(6) NOT NULL)[0m
  [1m[36mActiveRecord::SchemaMigration Pluck (0.2ms)[0m  [1m[34mSELECT "schema_migrations"."version" FROM "schema_migrations" ORDER BY "schema_migrations"."version" ASC[0m
Migrating to CreateAdmins (20220906184601)
  [1m[36mTRANSACTION (0.1ms)[0m  [1m[36mbegin transaction[0m
  [1m[35m (0.4ms)[0m  [1m[35mCREATE TABLE "admins" ("id" integer PRIMARY KEY AUTOINCREMENT NOT NULL, "name" varchar, "username" varchar, "email" varchar, "created_at" datetime(6) NOT NULL, "updated_at" datetime(6) NOT NULL)[0m
  [1m[36mActiveRecord::SchemaMigration Create (0.2ms)[0m  [1m[32mINSERT INTO "schema_migrations" ("version") VALUES (?)[0m  [["version", "20220906184601"]]
  [1m[36mTRANSACTION (0.9ms)[0m  [1m[36mcommit transaction[0m
Migrating to CreateEventLists (20220906190237)
  [1m[36mTRANSACTION (0.1ms)[0m  [1m[36mbegin transaction[0m
  [1m[35m (0.5ms)[0m  [1m[35mCREATE TABLE "event_lists" ("id" integer PRIMARY KEY AUTOINCREMENT NOT NULL, "title" varchar, "type" varchar, "admin_id" integer NOT NULL, "event_id" integer NOT NULL, "created_at" datetime(6) NOT NULL, "updated_at" datetime(6) NOT NULL, CONSTRAINT "fk_rails_66d5198880"
FOREIGN KEY ("admin_id")
  REFERENCES "admins" ("id")
, CONSTRAINT "fk_rails_b87113e4f2"
FOREIGN KEY ("event_id")
  REFERENCES "events" ("id")
)[0m
  [1m[35m (0.2ms)[0m  [1m[35mCREATE INDEX "index_event_lists_on_admin_id" ON "event_lists" ("admin_id")[0m
  [1m[35m (0.1ms)[0m  [1m[35mCREATE INDEX "index_event_lists_on_event_id" ON "event_lists" ("event_id")[0m
  [1m[36mActiveRecord::SchemaMigration Create (0.4ms)[0m  [1m[32mINSERT INTO "schema_migrations" ("version") VALUES (?)[0m  [["version", "20220906190237"]]
  [1m[36mTRANSACTION (1.0ms)[0m  [1m[36mcommit transaction[0m
Migrating to CreateEvents (20220906191654)
  [1m[36mTRANSACTION (0.1ms)[0m  [1m[36mbegin transaction[0m
  [1m[35m (0.5ms)[0m  [1m[35mCREATE TABLE "events" ("id" integer PRIMARY KEY AUTOINCREMENT NOT NULL, "title" varchar, "activity" varchar, "description" text, "location" varchar, "starts" datetime(6), "ends" datetime(6), "created_at" datetime(6) NOT NULL, "updated_at" datetime(6) NOT NULL)[0m
  [1m[36mActiveRecord::SchemaMigration Create (0.2ms)[0m  [1m[32mINSERT INTO "schema_migrations" ("version") VALUES (?)[0m  [["version", "20220906191654"]]
  [1m[36mTRANSACTION (1.0ms)[0m  [1m[36mcommit transaction[0m
  [1m[36mActiveRecord::InternalMetadata Load (0.1ms)[0m  [1m[34mSELECT "ar_internal_metadata".* FROM "ar_internal_metadata" WHERE "ar_internal_metadata"."key" = ? LIMIT ?[0m  [["key", "environment"], ["LIMIT", 1]]
  [1m[36mTRANSACTION (0.1ms)[0m  [1m[36mbegin transaction[0m
  [1m[36mActiveRecord::InternalMetadata Create (0.4ms)[0m  [1m[32mINSERT INTO "ar_internal_metadata" ("key", "value", "created_at", "updated_at") VALUES (?, ?, ?, ?)[0m  [["key", "environment"], ["value", "development"], ["created_at", "2022-09-06 19:17:39.813386"], ["updated_at", "2022-09-06 19:17:39.813386"]]
  [1m[36mTRANSACTION (0.9ms)[0m  [1m[36mcommit transaction[0m
  [1m[35m (0.0ms)[0m  [1m[34mSELECT sqlite_version(*)[0m
  [1m[36mActiveRecord::SchemaMigration Pluck (0.1ms)[0m  [1m[34mSELECT "schema_migrations"."version" FROM "schema_migrations" ORDER BY "schema_migrations"."version" ASC[0m
